# JRE version: OpenJDK Runtime Environment Temurin-20.0.1+9 (20.0.1+9) (build 20.0.1+9)
# Java VM: OpenJDK 64-Bit Server VM Temurin-20.0.1+9 (20.0.1+9, mixed mode, tiered, compressed oops, compressed class ptrs, g1 gc, windows-amd64)
GC Precious Log:
 CardTable entry size: 512
 Card Set container configuration: InlinePtr #cards 5 size 8 Array Of Cards #cards 12 size 40 Howl #buckets 4 coarsen threshold 1843 Howl Bitmap #cards 512 size 80 coarsen threshold 460 Card regions per heap region 1 cards per card region 2048
 CPUs: 8 total, 8 available
 Memory: 7834M
 Large Page Support: Disabled
 NUMA Support: Disabled
 Compressed Oops: Enabled (32-bit)
 Heap Region Size: 1M
 Heap Min Capacity: 8M
 Heap Initial Capacity: 124M
 Heap Max Capacity: 1960M
 Pre-touch: Disabled
 Parallel Workers: 8
 Concurrent Workers: 2
 Concurrent Refinement Workers: 8
 Periodic GC: Disabled
Heap:
 garbage-first heap   total 77824K, used 61906K [0x0000000085800000, 0x0000000100000000)
  region size 1024K, 25 young (25600K), 4 survivors (4096K)
 Metaspace       used 76162K, committed 76992K, reserved 1179648K
  class space    used 9415K, committed 9792K, reserved 1048576K
GC Heap History (20 events):
Event: 3.610 GC heap before
{Heap before GC invocations=5 (full 0):
 garbage-first heap   total 53248K, used 38119K [0x0000000085800000, 0x0000000100000000)
  region size 1024K, 24 young (24576K), 4 survivors (4096K)
 Metaspace       used 31641K, committed 32064K, reserved 1114112K
  class space    used 3572K, committed 3776K, reserved 1048576K
}
Event: 3.618 GC heap after
{Heap after GC invocations=6 (full 0):
 garbage-first heap   total 53248K, used 19599K [0x0000000085800000, 0x0000000100000000)
  region size 1024K, 2 young (2048K), 2 survivors (2048K)
 Metaspace       used 31641K, committed 32064K, reserved 1114112K
  class space    used 3572K, committed 3776K, reserved 1048576K
}
Event: 4.894 GC heap before
{Heap before GC invocations=6 (full 0):
 garbage-first heap   total 53248K, used 33935K [0x0000000085800000, 0x0000000100000000)
  region size 1024K, 17 young (17408K), 2 survivors (2048K)
 Metaspace       used 35595K, committed 35968K, reserved 1114112K
  class space    used 4102K, committed 4288K, reserved 1048576K
}
Event: 4.897 GC heap after
{Heap after GC invocations=7 (full 0):
 garbage-first heap   total 64512K, used 20436K [0x0000000085800000, 0x0000000100000000)
  region size 1024K, 3 young (3072K), 3 survivors (3072K)
 Metaspace       used 35595K, committed 35968K, reserved 1114112K
  class space    used 4102K, committed 4288K, reserved 1048576K
}
Event: 5.936 GC heap before
{Heap before GC invocations=8 (full 0):
 garbage-first heap   total 64512K, used 49108K [0x0000000085800000, 0x0000000100000000)
  region size 1024K, 31 young (31744K), 3 survivors (3072K)
 Metaspace       used 39412K, committed 39872K, reserved 1114112K
  class space    used 4578K, committed 4800K, reserved 1048576K
}
Event: 5.943 GC heap after
{Heap after GC invocations=9 (full 0):
 garbage-first heap   total 64512K, used 23053K [0x0000000085800000, 0x0000000100000000)
  region size 1024K, 4 young (4096K), 4 survivors (4096K)
 Metaspace       used 39412K, committed 39872K, reserved 1114112K
  class space    used 4578K, committed 4800K, reserved 1048576K
}
Event: 7.133 GC heap before
{Heap before GC invocations=9 (full 0):
 garbage-first heap   total 64512K, used 49677K [0x0000000085800000, 0x0000000100000000)
  region size 1024K, 31 young (31744K), 4 survivors (4096K)
 Metaspace       used 43043K, committed 43520K, reserved 1114112K
  class space    used 5106K, committed 5312K, reserved 1048576K
}
Event: 7.147 GC heap after
{Heap after GC invocations=10 (full 0):
 garbage-first heap   total 64512K, used 25626K [0x0000000085800000, 0x0000000100000000)
  region size 1024K, 3 young (3072K), 3 survivors (3072K)
 Metaspace       used 43043K, committed 43520K, reserved 1114112K
  class space    used 5106K, committed 5312K, reserved 1048576K
}
Event: 8.167 GC heap before
{Heap before GC invocations=10 (full 0):
 garbage-first heap   total 64512K, used 52250K [0x0000000085800000, 0x0000000100000000)
  region size 1024K, 29 young (29696K), 3 survivors (3072K)
 Metaspace       used 46734K, committed 47168K, reserved 1114112K
  class space    used 5632K, committed 5824K, reserved 1048576K
}
Event: 8.174 GC heap after
{Heap after GC invocations=11 (full 0):
 garbage-first heap   total 64512K, used 27648K [0x0000000085800000, 0x0000000100000000)
  region size 1024K, 4 young (4096K), 4 survivors (4096K)
 Metaspace       used 46734K, committed 47168K, reserved 1114112K
  class space    used 5632K, committed 5824K, reserved 1048576K
}
Event: 9.434 GC heap before
{Heap before GC invocations=11 (full 0):
 garbage-first heap   total 64512K, used 53248K [0x0000000085800000, 0x0000000100000000)
  region size 1024K, 30 young (30720K), 4 survivors (4096K)
 Metaspace       used 51967K, committed 52480K, reserved 1114112K
  class space    used 6418K, committed 6656K, reserved 1048576K
}
Event: 9.447 GC heap after
{Heap after GC invocations=12 (full 0):
 garbage-first heap   total 64512K, used 30239K [0x0000000085800000, 0x0000000100000000)
  region size 1024K, 3 young (3072K), 3 survivors (3072K)
 Metaspace       used 51967K, committed 52480K, reserved 1114112K
  class space    used 6418K, committed 6656K, reserved 1048576K
}
Event: 10.228 GC heap before
{Heap before GC invocations=12 (full 0):
 garbage-first heap   total 64512K, used 54815K [0x0000000085800000, 0x0000000100000000)
  region size 1024K, 27 young (27648K), 3 survivors (3072K)
 Metaspace       used 57093K, committed 57664K, reserved 1114112K
  class space    used 7112K, committed 7360K, reserved 1048576K
}
Event: 10.238 GC heap after
{Heap after GC invocations=13 (full 0):
 garbage-first heap   total 64512K, used 32933K [0x0000000085800000, 0x0000000100000000)
  region size 1024K, 3 young (3072K), 3 survivors (3072K)
 Metaspace       used 57093K, committed 57664K, reserved 1114112K
  class space    used 7112K, committed 7360K, reserved 1048576K
}
Event: 10.651 GC heap before
{Heap before GC invocations=13 (full 0):
 garbage-first heap   total 64512K, used 45221K [0x0000000085800000, 0x0000000100000000)
  region size 1024K, 16 young (16384K), 3 survivors (3072K)
 Metaspace       used 59660K, committed 60160K, reserved 1114112K
  class space    used 7458K, committed 7680K, reserved 1048576K
}
Event: 10.659 GC heap after
{Heap after GC invocations=14 (full 0):
 garbage-first heap   total 77824K, used 34533K [0x0000000085800000, 0x0000000100000000)
  region size 1024K, 2 young (2048K), 2 survivors (2048K)
 Metaspace       used 59660K, committed 60160K, reserved 1114112K
  class space    used 7458K, committed 7680K, reserved 1048576K
}
Event: 12.066 GC heap before
{Heap before GC invocations=15 (full 0):
 garbage-first heap   total 77824K, used 66277K [0x0000000085800000, 0x0000000100000000)
  region size 1024K, 34 young (34816K), 2 survivors (2048K)
 Metaspace       used 64973K, committed 65728K, reserved 1114112K
  class space    used 8240K, committed 8576K, reserved 1048576K
}
Event: 12.076 GC heap after
{Heap after GC invocations=16 (full 0):
 garbage-first heap   total 77824K, used 39153K [0x0000000085800000, 0x0000000100000000)
  region size 1024K, 5 young (5120K), 5 survivors (5120K)
 Metaspace       used 64973K, committed 65728K, reserved 1114112K
  class space    used 8240K, committed 8576K, reserved 1048576K
}
Event: 12.693 GC heap before
{Heap before GC invocations=16 (full 0):
 garbage-first heap   total 77824K, used 66801K [0x0000000085800000, 0x0000000100000000)
  region size 1024K, 32 young (32768K), 5 survivors (5120K)
 Metaspace       used 70742K, committed 71616K, reserved 1114112K
  class space    used 8946K, committed 9344K, reserved 1048576K
}
Event: 12.708 GC heap after
{Heap after GC invocations=17 (full 0):
 garbage-first heap   total 77824K, used 41426K [0x0000000085800000, 0x0000000100000000)
  region size 1024K, 4 young (4096K), 4 survivors (4096K)
 Metaspace       used 70742K, committed 71616K, reserved 1114112K
  class space    used 8946K, committed 9344K, reserved 1048576K
}

